{"/Users/jimipajala/codex/app-launch/lib/index.js": {"path":"/Users/jimipajala/codex/app-launch/lib/index.js","statementMap":{"0":{"start":{"line":1,"column":13},"end":{"line":1,"column":28}},"1":{"start":{"line":2,"column":13},"end":{"line":2,"column":58}},"2":{"start":{"line":3,"column":11},"end":{"line":3,"column":24}},"3":{"start":{"line":5,"column":23},"end":{"line":5,"column":60}},"4":{"start":{"line":8,"column":33},"end":{"line":8,"column":44}},"5":{"start":{"line":10,"column":15},"end":{"line":10,"column":37}},"6":{"start":{"line":11,"column":18},"end":{"line":11,"column":55}},"7":{"start":{"line":13,"column":17},"end":{"line":13,"column":19}},"8":{"start":{"line":14,"column":2},"end":{"line":23,"column":3}},"9":{"start":{"line":15,"column":4},"end":{"line":22,"column":5}},"10":{"start":{"line":16,"column":33},"end":{"line":16,"column":63}},"11":{"start":{"line":17,"column":6},"end":{"line":17,"column":32}},"12":{"start":{"line":18,"column":6},"end":{"line":18,"column":36}},"13":{"start":{"line":20,"column":6},"end":{"line":20,"column":32}},"14":{"start":{"line":21,"column":6},"end":{"line":21,"column":45}},"15":{"start":{"line":24,"column":2},"end":{"line":24,"column":15}},"16":{"start":{"line":27,"column":17},"end":{"line":28,"column":41}},"17":{"start":{"line":27,"column":23},"end":{"line":28,"column":41}},"18":{"start":{"line":28,"column":18},"end":{"line":28,"column":40}},"19":{"start":{"line":30,"column":19},"end":{"line":30,"column":45}},"20":{"start":{"line":30,"column":32},"end":{"line":30,"column":45}},"21":{"start":{"line":32,"column":20},"end":{"line":32,"column":68}},"22":{"start":{"line":32,"column":26},"end":{"line":32,"column":68}},"23":{"start":{"line":35,"column":0},"end":{"line":40,"column":1}}},"fnMap":{"0":{"name":"main","decl":{"start":{"line":7,"column":15},"end":{"line":7,"column":19}},"loc":{"start":{"line":7,"column":27},"end":{"line":25,"column":1}},"line":7},"1":{"name":"(anonymous_1)","decl":{"start":{"line":27,"column":17},"end":{"line":27,"column":18}},"loc":{"start":{"line":27,"column":23},"end":{"line":28,"column":41}},"line":27},"2":{"name":"(anonymous_2)","decl":{"start":{"line":28,"column":10},"end":{"line":28,"column":11}},"loc":{"start":{"line":28,"column":18},"end":{"line":28,"column":40}},"line":28},"3":{"name":"(anonymous_3)","decl":{"start":{"line":30,"column":19},"end":{"line":30,"column":20}},"loc":{"start":{"line":30,"column":32},"end":{"line":30,"column":45}},"line":30},"4":{"name":"(anonymous_4)","decl":{"start":{"line":32,"column":20},"end":{"line":32,"column":21}},"loc":{"start":{"line":32,"column":26},"end":{"line":32,"column":68}},"line":32}},"branchMap":{"0":{"loc":{"start":{"line":8,"column":33},"end":{"line":8,"column":44}},"type":"binary-expr","locations":[{"start":{"line":8,"column":33},"end":{"line":8,"column":38}},{"start":{"line":8,"column":42},"end":{"line":8,"column":44}}],"line":8},"1":{"loc":{"start":{"line":10,"column":15},"end":{"line":10,"column":37}},"type":"binary-expr","locations":[{"start":{"line":10,"column":15},"end":{"line":10,"column":23}},{"start":{"line":10,"column":27},"end":{"line":10,"column":37}}],"line":10},"2":{"loc":{"start":{"line":11,"column":18},"end":{"line":11,"column":55}},"type":"binary-expr","locations":[{"start":{"line":11,"column":18},"end":{"line":11,"column":26}},{"start":{"line":11,"column":30},"end":{"line":11,"column":55}}],"line":11}},"s":{"0":1,"1":1,"2":1,"3":1,"4":3,"5":3,"6":3,"7":3,"8":3,"9":2,"10":2,"11":1,"12":1,"13":1,"14":1,"15":3,"16":1,"17":2,"18":2,"19":1,"20":3,"21":1,"22":2,"23":1},"f":{"0":3,"1":2,"2":2,"3":3,"4":2},"b":{"0":[3,1],"1":[3,1],"2":[3,1]},"_coverageSchema":"43e27e138ebf9cfc5966b082cf9a028302ed4184","hash":"ee3304790797264a33007cd1970e63614cddd466"}
}
