TN:
SF:/Users/jimipajala/codex/app-launch/lib/index.js
FN:7,main
FN:27,(anonymous_1)
FN:28,(anonymous_2)
FN:30,(anonymous_3)
FN:32,(anonymous_4)
FNF:5
FNH:5
FNDA:3,main
FNDA:2,(anonymous_1)
FNDA:2,(anonymous_2)
FNDA:3,(anonymous_3)
FNDA:2,(anonymous_4)
DA:1,1
DA:2,1
DA:3,1
DA:5,1
DA:8,3
DA:10,3
DA:11,3
DA:13,3
DA:14,3
DA:15,2
DA:16,2
DA:17,1
DA:18,1
DA:20,1
DA:21,1
DA:24,3
DA:27,2
DA:28,2
DA:30,3
DA:32,2
DA:35,1
LF:21
LH:21
BRDA:8,0,0,3
BRDA:8,0,1,1
BRDA:10,1,0,3
BRDA:10,1,1,1
BRDA:11,2,0,3
BRDA:11,2,1,1
BRF:6
BRH:6
end_of_record
